[  0%] Built target _proyecto_final_generate_messages_check_deps_HandAction
[  0%] Built target _proyecto_final_generate_messages_check_deps_RLFeedback
[  0%] Built target _proyecto_final_generate_messages_check_deps_RLResult
[  0%] Built target _proyecto_final_generate_messages_check_deps_RLGoal
[  0%] Built target _proyecto_final_generate_messages_check_deps_RLActionFeedback
[  0%] Built target _proyecto_final_generate_messages_check_deps_RLActionGoal
[  0%] Built target _proyecto_final_generate_messages_check_deps_RLAction
[  0%] Built target _proyecto_final_generate_messages_check_deps_RLActionResult
[  0%] Built target _proyecto_final_generate_messages_check_deps_CubosActionFeedback
[  0%] Built target _proyecto_final_generate_messages_check_deps_CubosAction
[  0%] Built target std_msgs_generate_messages_lisp
[  0%] Built target _proyecto_final_generate_messages_check_deps_HandResult
[  0%] Built target _proyecto_final_generate_messages_check_deps_HandFeedback
[  0%] Built target _proyecto_final_generate_messages_check_deps_FigurasGoal
[  0%] Built target geometry_msgs_generate_messages_lisp
[  0%] Built target _proyecto_final_generate_messages_check_deps_FigurasAction
[  0%] Built target _proyecto_final_generate_messages_check_deps_IdCubos
[  0%] Built target _proyecto_final_generate_messages_check_deps_HandGoal
[  0%] Built target _proyecto_final_generate_messages_check_deps_CubosFeedback
[  0%] Built target _proyecto_final_generate_messages_check_deps_HandActionGoal
[  0%] Built target _proyecto_final_generate_messages_check_deps_HandData
[  0%] Built target _proyecto_final_generate_messages_check_deps_CubosActionGoal
[  0%] Built target _proyecto_final_generate_messages_check_deps_CubosActionResult
[  0%] Built target actionlib_msgs_generate_messages_lisp
[  0%] Built target _proyecto_final_generate_messages_check_deps_HandActionFeedback
[  0%] Built target _proyecto_final_generate_messages_check_deps_CubosGoal
[  0%] Built target _proyecto_final_generate_messages_check_deps_CubosResult
[  0%] Built target _proyecto_final_generate_messages_check_deps_FigurasActionGoal
[  0%] Built target _proyecto_final_generate_messages_check_deps_HandActionResult
[  0%] Built target _proyecto_final_generate_messages_check_deps_FigurasActionResult
[  0%] Built target _proyecto_final_generate_messages_check_deps_FigurasActionFeedback
[  0%] Built target geometry_msgs_generate_messages_nodejs
[  0%] Built target actionlib_msgs_generate_messages_nodejs
[  0%] Built target _proyecto_final_generate_messages_check_deps_FigurasResult
[  0%] Built target _proyecto_final_generate_messages_check_deps_FigurasFeedback
[  0%] Built target geometry_msgs_generate_messages_cpp
[  0%] Built target actionlib_msgs_generate_messages_cpp
[  0%] Built target std_msgs_generate_messages_nodejs
[  0%] Built target std_msgs_generate_messages_cpp
[  0%] Built target actionlib_msgs_generate_messages_py
[  0%] Built target geometry_msgs_generate_messages_py
[  0%] Built target std_msgs_generate_messages_py
[  0%] Built target std_msgs_generate_messages_eus
[  0%] Built target actionlib_msgs_generate_messages_eus
[  0%] Built target geometry_msgs_generate_messages_eus
[ 20%] Built target proyecto_final_generate_messages_cpp
[ 40%] Built target proyecto_final_generate_messages_py
[ 60%] Built target proyecto_final_generate_messages_nodejs
[ 78%] Built target proyecto_final_generate_messages_lisp
[100%] Built target proyecto_final_generate_messages_eus
[100%] Built target proyecto_final_generate_messages
