Linked: (/home/laboratorio/ros_workspace/devel/.private/proyecto_final/lib/pkgconfig/proyecto_final.pc, /home/laboratorio/ros_workspace/devel/lib/pkgconfig/proyecto_final.pc)
Linked: (/home/laboratorio/ros_workspace/devel/.private/proyecto_final/lib/proyecto_final/control_robot.py, /home/laboratorio/ros_workspace/devel/lib/proyecto_final/control_robot.py)
Linked: (/home/laboratorio/ros_workspace/devel/.private/proyecto_final/lib/proyecto_final/cmake.lock, /home/laboratorio/ros_workspace/devel/lib/proyecto_final/cmake.lock)
Linked: (/home/laboratorio/ros_workspace/devel/.private/proyecto_final/lib/python3/dist-packages/proyecto_final/__init__.py, /home/laboratorio/ros_workspace/devel/lib/python3/dist-packages/proyecto_final/__init__.py)
Linked: (/home/laboratorio/ros_workspace/devel/.private/proyecto_final/lib/python3/dist-packages/proyecto_final/msg/_HandActionFeedback.py, /home/laboratorio/ros_workspace/devel/lib/python3/dist-packages/proyecto_final/msg/_HandActionFeedback.py)
Linked: (/home/laboratorio/ros_workspace/devel/.private/proyecto_final/lib/python3/dist-packages/proyecto_final/msg/_HandResult.py, /home/laboratorio/ros_workspace/devel/lib/python3/dist-packages/proyecto_final/msg/_HandResult.py)
Linked: (/home/laboratorio/ros_workspace/devel/.private/proyecto_final/lib/python3/dist-packages/proyecto_final/msg/_HandActionResult.py, /home/laboratorio/ros_workspace/devel/lib/python3/dist-packages/proyecto_final/msg/_HandActionResult.py)
Linked: (/home/laboratorio/ros_workspace/devel/.private/proyecto_final/lib/python3/dist-packages/proyecto_final/msg/_FigurasActionFeedback.py, /home/laboratorio/ros_workspace/devel/lib/python3/dist-packages/proyecto_final/msg/_FigurasActionFeedback.py)
Linked: (/home/laboratorio/ros_workspace/devel/.private/proyecto_final/lib/python3/dist-packages/proyecto_final/msg/_CubosAction.py, /home/laboratorio/ros_workspace/devel/lib/python3/dist-packages/proyecto_final/msg/_CubosAction.py)
Linked: (/home/laboratorio/ros_workspace/devel/.private/proyecto_final/lib/python3/dist-packages/proyecto_final/msg/_CubosResult.py, /home/laboratorio/ros_workspace/devel/lib/python3/dist-packages/proyecto_final/msg/_CubosResult.py)
Linked: (/home/laboratorio/ros_workspace/devel/.private/proyecto_final/lib/python3/dist-packages/proyecto_final/msg/__init__.py, /home/laboratorio/ros_workspace/devel/lib/python3/dist-packages/proyecto_final/msg/__init__.py)
Linked: (/home/laboratorio/ros_workspace/devel/.private/proyecto_final/lib/python3/dist-packages/proyecto_final/msg/_HandActionGoal.py, /home/laboratorio/ros_workspace/devel/lib/python3/dist-packages/proyecto_final/msg/_HandActionGoal.py)
Linked: (/home/laboratorio/ros_workspace/devel/.private/proyecto_final/lib/python3/dist-packages/proyecto_final/msg/_FigurasAction.py, /home/laboratorio/ros_workspace/devel/lib/python3/dist-packages/proyecto_final/msg/_FigurasAction.py)
Linked: (/home/laboratorio/ros_workspace/devel/.private/proyecto_final/lib/python3/dist-packages/proyecto_final/msg/_HandAction.py, /home/laboratorio/ros_workspace/devel/lib/python3/dist-packages/proyecto_final/msg/_HandAction.py)
Linked: (/home/laboratorio/ros_workspace/devel/.private/proyecto_final/lib/python3/dist-packages/proyecto_final/msg/_CubosActionResult.py, /home/laboratorio/ros_workspace/devel/lib/python3/dist-packages/proyecto_final/msg/_CubosActionResult.py)
Linked: (/home/laboratorio/ros_workspace/devel/.private/proyecto_final/lib/python3/dist-packages/proyecto_final/msg/_CubosFeedback.py, /home/laboratorio/ros_workspace/devel/lib/python3/dist-packages/proyecto_final/msg/_CubosFeedback.py)
Linked: (/home/laboratorio/ros_workspace/devel/.private/proyecto_final/lib/python3/dist-packages/proyecto_final/msg/_FigurasFeedback.py, /home/laboratorio/ros_workspace/devel/lib/python3/dist-packages/proyecto_final/msg/_FigurasFeedback.py)
Linked: (/home/laboratorio/ros_workspace/devel/.private/proyecto_final/lib/python3/dist-packages/proyecto_final/msg/_FigurasResult.py, /home/laboratorio/ros_workspace/devel/lib/python3/dist-packages/proyecto_final/msg/_FigurasResult.py)
Linked: (/home/laboratorio/ros_workspace/devel/.private/proyecto_final/lib/python3/dist-packages/proyecto_final/msg/_HandGoal.py, /home/laboratorio/ros_workspace/devel/lib/python3/dist-packages/proyecto_final/msg/_HandGoal.py)
Linked: (/home/laboratorio/ros_workspace/devel/.private/proyecto_final/lib/python3/dist-packages/proyecto_final/msg/_FigurasActionGoal.py, /home/laboratorio/ros_workspace/devel/lib/python3/dist-packages/proyecto_final/msg/_FigurasActionGoal.py)
Linked: (/home/laboratorio/ros_workspace/devel/.private/proyecto_final/lib/python3/dist-packages/proyecto_final/msg/_CubosActionFeedback.py, /home/laboratorio/ros_workspace/devel/lib/python3/dist-packages/proyecto_final/msg/_CubosActionFeedback.py)
Linked: (/home/laboratorio/ros_workspace/devel/.private/proyecto_final/lib/python3/dist-packages/proyecto_final/msg/_CubosActionGoal.py, /home/laboratorio/ros_workspace/devel/lib/python3/dist-packages/proyecto_final/msg/_CubosActionGoal.py)
Linked: (/home/laboratorio/ros_workspace/devel/.private/proyecto_final/lib/python3/dist-packages/proyecto_final/msg/_FigurasGoal.py, /home/laboratorio/ros_workspace/devel/lib/python3/dist-packages/proyecto_final/msg/_FigurasGoal.py)
Linked: (/home/laboratorio/ros_workspace/devel/.private/proyecto_final/lib/python3/dist-packages/proyecto_final/msg/_FigurasActionResult.py, /home/laboratorio/ros_workspace/devel/lib/python3/dist-packages/proyecto_final/msg/_FigurasActionResult.py)
Linked: (/home/laboratorio/ros_workspace/devel/.private/proyecto_final/lib/python3/dist-packages/proyecto_final/msg/_CubosGoal.py, /home/laboratorio/ros_workspace/devel/lib/python3/dist-packages/proyecto_final/msg/_CubosGoal.py)
Linked: (/home/laboratorio/ros_workspace/devel/.private/proyecto_final/lib/python3/dist-packages/proyecto_final/msg/_IdCubos.py, /home/laboratorio/ros_workspace/devel/lib/python3/dist-packages/proyecto_final/msg/_IdCubos.py)
Linked: (/home/laboratorio/ros_workspace/devel/.private/proyecto_final/lib/python3/dist-packages/proyecto_final/msg/_HandData.py, /home/laboratorio/ros_workspace/devel/lib/python3/dist-packages/proyecto_final/msg/_HandData.py)
Linked: (/home/laboratorio/ros_workspace/devel/.private/proyecto_final/lib/python3/dist-packages/proyecto_final/msg/_HandFeedback.py, /home/laboratorio/ros_workspace/devel/lib/python3/dist-packages/proyecto_final/msg/_HandFeedback.py)
Linked: (/home/laboratorio/ros_workspace/devel/.private/proyecto_final/include/proyecto_final/HandActionFeedback.h, /home/laboratorio/ros_workspace/devel/include/proyecto_final/HandActionFeedback.h)
Linked: (/home/laboratorio/ros_workspace/devel/.private/proyecto_final/include/proyecto_final/FigurasActionResult.h, /home/laboratorio/ros_workspace/devel/include/proyecto_final/FigurasActionResult.h)
Linked: (/home/laboratorio/ros_workspace/devel/.private/proyecto_final/include/proyecto_final/HandResult.h, /home/laboratorio/ros_workspace/devel/include/proyecto_final/HandResult.h)
Linked: (/home/laboratorio/ros_workspace/devel/.private/proyecto_final/include/proyecto_final/CubosGoal.h, /home/laboratorio/ros_workspace/devel/include/proyecto_final/CubosGoal.h)
Linked: (/home/laboratorio/ros_workspace/devel/.private/proyecto_final/include/proyecto_final/HandAction.h, /home/laboratorio/ros_workspace/devel/include/proyecto_final/HandAction.h)
Linked: (/home/laboratorio/ros_workspace/devel/.private/proyecto_final/include/proyecto_final/CubosActionResult.h, /home/laboratorio/ros_workspace/devel/include/proyecto_final/CubosActionResult.h)
Linked: (/home/laboratorio/ros_workspace/devel/.private/proyecto_final/include/proyecto_final/HandFeedback.h, /home/laboratorio/ros_workspace/devel/include/proyecto_final/HandFeedback.h)
Linked: (/home/laboratorio/ros_workspace/devel/.private/proyecto_final/include/proyecto_final/IdCubos.h, /home/laboratorio/ros_workspace/devel/include/proyecto_final/IdCubos.h)
Linked: (/home/laboratorio/ros_workspace/devel/.private/proyecto_final/include/proyecto_final/CubosFeedback.h, /home/laboratorio/ros_workspace/devel/include/proyecto_final/CubosFeedback.h)
Linked: (/home/laboratorio/ros_workspace/devel/.private/proyecto_final/include/proyecto_final/FigurasGoal.h, /home/laboratorio/ros_workspace/devel/include/proyecto_final/FigurasGoal.h)
Linked: (/home/laboratorio/ros_workspace/devel/.private/proyecto_final/include/proyecto_final/CubosActionGoal.h, /home/laboratorio/ros_workspace/devel/include/proyecto_final/CubosActionGoal.h)
Linked: (/home/laboratorio/ros_workspace/devel/.private/proyecto_final/include/proyecto_final/HandActionResult.h, /home/laboratorio/ros_workspace/devel/include/proyecto_final/HandActionResult.h)
Linked: (/home/laboratorio/ros_workspace/devel/.private/proyecto_final/include/proyecto_final/CubosAction.h, /home/laboratorio/ros_workspace/devel/include/proyecto_final/CubosAction.h)
Linked: (/home/laboratorio/ros_workspace/devel/.private/proyecto_final/include/proyecto_final/CubosActionFeedback.h, /home/laboratorio/ros_workspace/devel/include/proyecto_final/CubosActionFeedback.h)
Linked: (/home/laboratorio/ros_workspace/devel/.private/proyecto_final/include/proyecto_final/HandData.h, /home/laboratorio/ros_workspace/devel/include/proyecto_final/HandData.h)
Linked: (/home/laboratorio/ros_workspace/devel/.private/proyecto_final/include/proyecto_final/FigurasActionFeedback.h, /home/laboratorio/ros_workspace/devel/include/proyecto_final/FigurasActionFeedback.h)
Linked: (/home/laboratorio/ros_workspace/devel/.private/proyecto_final/include/proyecto_final/FigurasAction.h, /home/laboratorio/ros_workspace/devel/include/proyecto_final/FigurasAction.h)
Linked: (/home/laboratorio/ros_workspace/devel/.private/proyecto_final/include/proyecto_final/CubosResult.h, /home/laboratorio/ros_workspace/devel/include/proyecto_final/CubosResult.h)
Linked: (/home/laboratorio/ros_workspace/devel/.private/proyecto_final/include/proyecto_final/FigurasActionGoal.h, /home/laboratorio/ros_workspace/devel/include/proyecto_final/FigurasActionGoal.h)
Linked: (/home/laboratorio/ros_workspace/devel/.private/proyecto_final/include/proyecto_final/FigurasFeedback.h, /home/laboratorio/ros_workspace/devel/include/proyecto_final/FigurasFeedback.h)
Linked: (/home/laboratorio/ros_workspace/devel/.private/proyecto_final/include/proyecto_final/FigurasResult.h, /home/laboratorio/ros_workspace/devel/include/proyecto_final/FigurasResult.h)
Linked: (/home/laboratorio/ros_workspace/devel/.private/proyecto_final/include/proyecto_final/HandGoal.h, /home/laboratorio/ros_workspace/devel/include/proyecto_final/HandGoal.h)
Linked: (/home/laboratorio/ros_workspace/devel/.private/proyecto_final/include/proyecto_final/HandActionGoal.h, /home/laboratorio/ros_workspace/devel/include/proyecto_final/HandActionGoal.h)
Linked: (/home/laboratorio/ros_workspace/devel/.private/proyecto_final/share/common-lisp/ros/proyecto_final/msg/_package.lisp, /home/laboratorio/ros_workspace/devel/share/common-lisp/ros/proyecto_final/msg/_package.lisp)
Linked: (/home/laboratorio/ros_workspace/devel/.private/proyecto_final/share/common-lisp/ros/proyecto_final/msg/_package_HandActionGoal.lisp, /home/laboratorio/ros_workspace/devel/share/common-lisp/ros/proyecto_final/msg/_package_HandActionGoal.lisp)
Linked: (/home/laboratorio/ros_workspace/devel/.private/proyecto_final/share/common-lisp/ros/proyecto_final/msg/_package_HandResult.lisp, /home/laboratorio/ros_workspace/devel/share/common-lisp/ros/proyecto_final/msg/_package_HandResult.lisp)
Linked: (/home/laboratorio/ros_workspace/devel/.private/proyecto_final/share/common-lisp/ros/proyecto_final/msg/_package_CubosResult.lisp, /home/laboratorio/ros_workspace/devel/share/common-lisp/ros/proyecto_final/msg/_package_CubosResult.lisp)
Linked: (/home/laboratorio/ros_workspace/devel/.private/proyecto_final/share/common-lisp/ros/proyecto_final/msg/_package_IdCubos.lisp, /home/laboratorio/ros_workspace/devel/share/common-lisp/ros/proyecto_final/msg/_package_IdCubos.lisp)
Linked: (/home/laboratorio/ros_workspace/devel/.private/proyecto_final/share/common-lisp/ros/proyecto_final/msg/HandResult.lisp, /home/laboratorio/ros_workspace/devel/share/common-lisp/ros/proyecto_final/msg/HandResult.lisp)
Linked: (/home/laboratorio/ros_workspace/devel/.private/proyecto_final/share/common-lisp/ros/proyecto_final/msg/CubosActionResult.lisp, /home/laboratorio/ros_workspace/devel/share/common-lisp/ros/proyecto_final/msg/CubosActionResult.lisp)
Linked: (/home/laboratorio/ros_workspace/devel/.private/proyecto_final/share/common-lisp/ros/proyecto_final/msg/_package_FigurasAction.lisp, /home/laboratorio/ros_workspace/devel/share/common-lisp/ros/proyecto_final/msg/_package_FigurasAction.lisp)
Linked: (/home/laboratorio/ros_workspace/devel/.private/proyecto_final/share/common-lisp/ros/proyecto_final/msg/HandData.lisp, /home/laboratorio/ros_workspace/devel/share/common-lisp/ros/proyecto_final/msg/HandData.lisp)
Linked: (/home/laboratorio/ros_workspace/devel/.private/proyecto_final/share/common-lisp/ros/proyecto_final/msg/FigurasGoal.lisp, /home/laboratorio/ros_workspace/devel/share/common-lisp/ros/proyecto_final/msg/FigurasGoal.lisp)
Linked: (/home/laboratorio/ros_workspace/devel/.private/proyecto_final/share/common-lisp/ros/proyecto_final/msg/FigurasActionGoal.lisp, /home/laboratorio/ros_workspace/devel/share/common-lisp/ros/proyecto_final/msg/FigurasActionGoal.lisp)
Linked: (/home/laboratorio/ros_workspace/devel/.private/proyecto_final/share/common-lisp/ros/proyecto_final/msg/HandFeedback.lisp, /home/laboratorio/ros_workspace/devel/share/common-lisp/ros/proyecto_final/msg/HandFeedback.lisp)
Linked: (/home/laboratorio/ros_workspace/devel/.private/proyecto_final/share/common-lisp/ros/proyecto_final/msg/_package_FigurasGoal.lisp, /home/laboratorio/ros_workspace/devel/share/common-lisp/ros/proyecto_final/msg/_package_FigurasGoal.lisp)
Linked: (/home/laboratorio/ros_workspace/devel/.private/proyecto_final/share/common-lisp/ros/proyecto_final/msg/_package_FigurasResult.lisp, /home/laboratorio/ros_workspace/devel/share/common-lisp/ros/proyecto_final/msg/_package_FigurasResult.lisp)
Linked: (/home/laboratorio/ros_workspace/devel/.private/proyecto_final/share/common-lisp/ros/proyecto_final/msg/_package_CubosFeedback.lisp, /home/laboratorio/ros_workspace/devel/share/common-lisp/ros/proyecto_final/msg/_package_CubosFeedback.lisp)
Linked: (/home/laboratorio/ros_workspace/devel/.private/proyecto_final/share/common-lisp/ros/proyecto_final/msg/_package_HandData.lisp, /home/laboratorio/ros_workspace/devel/share/common-lisp/ros/proyecto_final/msg/_package_HandData.lisp)
Linked: (/home/laboratorio/ros_workspace/devel/.private/proyecto_final/share/common-lisp/ros/proyecto_final/msg/_package_FigurasActionGoal.lisp, /home/laboratorio/ros_workspace/devel/share/common-lisp/ros/proyecto_final/msg/_package_FigurasActionGoal.lisp)
Linked: (/home/laboratorio/ros_workspace/devel/.private/proyecto_final/share/common-lisp/ros/proyecto_final/msg/_package_HandActionFeedback.lisp, /home/laboratorio/ros_workspace/devel/share/common-lisp/ros/proyecto_final/msg/_package_HandActionFeedback.lisp)
Linked: (/home/laboratorio/ros_workspace/devel/.private/proyecto_final/share/common-lisp/ros/proyecto_final/msg/_package_FigurasActionResult.lisp, /home/laboratorio/ros_workspace/devel/share/common-lisp/ros/proyecto_final/msg/_package_FigurasActionResult.lisp)
Linked: (/home/laboratorio/ros_workspace/devel/.private/proyecto_final/share/common-lisp/ros/proyecto_final/msg/_package_FigurasFeedback.lisp, /home/laboratorio/ros_workspace/devel/share/common-lisp/ros/proyecto_final/msg/_package_FigurasFeedback.lisp)
Linked: (/home/laboratorio/ros_workspace/devel/.private/proyecto_final/share/common-lisp/ros/proyecto_final/msg/_package_CubosActionResult.lisp, /home/laboratorio/ros_workspace/devel/share/common-lisp/ros/proyecto_final/msg/_package_CubosActionResult.lisp)
Linked: (/home/laboratorio/ros_workspace/devel/.private/proyecto_final/share/common-lisp/ros/proyecto_final/msg/_package_HandActionResult.lisp, /home/laboratorio/ros_workspace/devel/share/common-lisp/ros/proyecto_final/msg/_package_HandActionResult.lisp)
Linked: (/home/laboratorio/ros_workspace/devel/.private/proyecto_final/share/common-lisp/ros/proyecto_final/msg/CubosResult.lisp, /home/laboratorio/ros_workspace/devel/share/common-lisp/ros/proyecto_final/msg/CubosResult.lisp)
Linked: (/home/laboratorio/ros_workspace/devel/.private/proyecto_final/share/common-lisp/ros/proyecto_final/msg/CubosGoal.lisp, /home/laboratorio/ros_workspace/devel/share/common-lisp/ros/proyecto_final/msg/CubosGoal.lisp)
Linked: (/home/laboratorio/ros_workspace/devel/.private/proyecto_final/share/common-lisp/ros/proyecto_final/msg/_package_HandFeedback.lisp, /home/laboratorio/ros_workspace/devel/share/common-lisp/ros/proyecto_final/msg/_package_HandFeedback.lisp)
Linked: (/home/laboratorio/ros_workspace/devel/.private/proyecto_final/share/common-lisp/ros/proyecto_final/msg/_package_CubosActionFeedback.lisp, /home/laboratorio/ros_workspace/devel/share/common-lisp/ros/proyecto_final/msg/_package_CubosActionFeedback.lisp)
Linked: (/home/laboratorio/ros_workspace/devel/.private/proyecto_final/share/common-lisp/ros/proyecto_final/msg/_package_FigurasActionFeedback.lisp, /home/laboratorio/ros_workspace/devel/share/common-lisp/ros/proyecto_final/msg/_package_FigurasActionFeedback.lisp)
Linked: (/home/laboratorio/ros_workspace/devel/.private/proyecto_final/share/common-lisp/ros/proyecto_final/msg/FigurasAction.lisp, /home/laboratorio/ros_workspace/devel/share/common-lisp/ros/proyecto_final/msg/FigurasAction.lisp)
Linked: (/home/laboratorio/ros_workspace/devel/.private/proyecto_final/share/common-lisp/ros/proyecto_final/msg/FigurasActionResult.lisp, /home/laboratorio/ros_workspace/devel/share/common-lisp/ros/proyecto_final/msg/FigurasActionResult.lisp)
Linked: (/home/laboratorio/ros_workspace/devel/.private/proyecto_final/share/common-lisp/ros/proyecto_final/msg/FigurasActionFeedback.lisp, /home/laboratorio/ros_workspace/devel/share/common-lisp/ros/proyecto_final/msg/FigurasActionFeedback.lisp)
Linked: (/home/laboratorio/ros_workspace/devel/.private/proyecto_final/share/common-lisp/ros/proyecto_final/msg/_package_CubosActionGoal.lisp, /home/laboratorio/ros_workspace/devel/share/common-lisp/ros/proyecto_final/msg/_package_CubosActionGoal.lisp)
Linked: (/home/laboratorio/ros_workspace/devel/.private/proyecto_final/share/common-lisp/ros/proyecto_final/msg/HandActionGoal.lisp, /home/laboratorio/ros_workspace/devel/share/common-lisp/ros/proyecto_final/msg/HandActionGoal.lisp)
Linked: (/home/laboratorio/ros_workspace/devel/.private/proyecto_final/share/common-lisp/ros/proyecto_final/msg/CubosAction.lisp, /home/laboratorio/ros_workspace/devel/share/common-lisp/ros/proyecto_final/msg/CubosAction.lisp)
Linked: (/home/laboratorio/ros_workspace/devel/.private/proyecto_final/share/common-lisp/ros/proyecto_final/msg/HandAction.lisp, /home/laboratorio/ros_workspace/devel/share/common-lisp/ros/proyecto_final/msg/HandAction.lisp)
Linked: (/home/laboratorio/ros_workspace/devel/.private/proyecto_final/share/common-lisp/ros/proyecto_final/msg/HandActionResult.lisp, /home/laboratorio/ros_workspace/devel/share/common-lisp/ros/proyecto_final/msg/HandActionResult.lisp)
Linked: (/home/laboratorio/ros_workspace/devel/.private/proyecto_final/share/common-lisp/ros/proyecto_final/msg/CubosActionFeedback.lisp, /home/laboratorio/ros_workspace/devel/share/common-lisp/ros/proyecto_final/msg/CubosActionFeedback.lisp)
Linked: (/home/laboratorio/ros_workspace/devel/.private/proyecto_final/share/common-lisp/ros/proyecto_final/msg/_package_HandAction.lisp, /home/laboratorio/ros_workspace/devel/share/common-lisp/ros/proyecto_final/msg/_package_HandAction.lisp)
Linked: (/home/laboratorio/ros_workspace/devel/.private/proyecto_final/share/common-lisp/ros/proyecto_final/msg/HandActionFeedback.lisp, /home/laboratorio/ros_workspace/devel/share/common-lisp/ros/proyecto_final/msg/HandActionFeedback.lisp)
Linked: (/home/laboratorio/ros_workspace/devel/.private/proyecto_final/share/common-lisp/ros/proyecto_final/msg/CubosFeedback.lisp, /home/laboratorio/ros_workspace/devel/share/common-lisp/ros/proyecto_final/msg/CubosFeedback.lisp)
Linked: (/home/laboratorio/ros_workspace/devel/.private/proyecto_final/share/common-lisp/ros/proyecto_final/msg/proyecto_final-msg.asd, /home/laboratorio/ros_workspace/devel/share/common-lisp/ros/proyecto_final/msg/proyecto_final-msg.asd)
Linked: (/home/laboratorio/ros_workspace/devel/.private/proyecto_final/share/common-lisp/ros/proyecto_final/msg/FigurasResult.lisp, /home/laboratorio/ros_workspace/devel/share/common-lisp/ros/proyecto_final/msg/FigurasResult.lisp)
Linked: (/home/laboratorio/ros_workspace/devel/.private/proyecto_final/share/common-lisp/ros/proyecto_final/msg/_package_HandGoal.lisp, /home/laboratorio/ros_workspace/devel/share/common-lisp/ros/proyecto_final/msg/_package_HandGoal.lisp)
Linked: (/home/laboratorio/ros_workspace/devel/.private/proyecto_final/share/common-lisp/ros/proyecto_final/msg/_package_CubosAction.lisp, /home/laboratorio/ros_workspace/devel/share/common-lisp/ros/proyecto_final/msg/_package_CubosAction.lisp)
Linked: (/home/laboratorio/ros_workspace/devel/.private/proyecto_final/share/common-lisp/ros/proyecto_final/msg/FigurasFeedback.lisp, /home/laboratorio/ros_workspace/devel/share/common-lisp/ros/proyecto_final/msg/FigurasFeedback.lisp)
Linked: (/home/laboratorio/ros_workspace/devel/.private/proyecto_final/share/common-lisp/ros/proyecto_final/msg/HandGoal.lisp, /home/laboratorio/ros_workspace/devel/share/common-lisp/ros/proyecto_final/msg/HandGoal.lisp)
Linked: (/home/laboratorio/ros_workspace/devel/.private/proyecto_final/share/common-lisp/ros/proyecto_final/msg/_package_CubosGoal.lisp, /home/laboratorio/ros_workspace/devel/share/common-lisp/ros/proyecto_final/msg/_package_CubosGoal.lisp)
Linked: (/home/laboratorio/ros_workspace/devel/.private/proyecto_final/share/common-lisp/ros/proyecto_final/msg/IdCubos.lisp, /home/laboratorio/ros_workspace/devel/share/common-lisp/ros/proyecto_final/msg/IdCubos.lisp)
Linked: (/home/laboratorio/ros_workspace/devel/.private/proyecto_final/share/common-lisp/ros/proyecto_final/msg/CubosActionGoal.lisp, /home/laboratorio/ros_workspace/devel/share/common-lisp/ros/proyecto_final/msg/CubosActionGoal.lisp)
Linked: (/home/laboratorio/ros_workspace/devel/.private/proyecto_final/share/proyecto_final/msg/CubosResult.msg, /home/laboratorio/ros_workspace/devel/share/proyecto_final/msg/CubosResult.msg)
Linked: (/home/laboratorio/ros_workspace/devel/.private/proyecto_final/share/proyecto_final/msg/CubosActionGoal.msg, /home/laboratorio/ros_workspace/devel/share/proyecto_final/msg/CubosActionGoal.msg)
Linked: (/home/laboratorio/ros_workspace/devel/.private/proyecto_final/share/proyecto_final/msg/CubosActionFeedback.msg, /home/laboratorio/ros_workspace/devel/share/proyecto_final/msg/CubosActionFeedback.msg)
Linked: (/home/laboratorio/ros_workspace/devel/.private/proyecto_final/share/proyecto_final/msg/FigurasActionGoal.msg, /home/laboratorio/ros_workspace/devel/share/proyecto_final/msg/FigurasActionGoal.msg)
Linked: (/home/laboratorio/ros_workspace/devel/.private/proyecto_final/share/proyecto_final/msg/FigurasActionResult.msg, /home/laboratorio/ros_workspace/devel/share/proyecto_final/msg/FigurasActionResult.msg)
Linked: (/home/laboratorio/ros_workspace/devel/.private/proyecto_final/share/proyecto_final/msg/CubosAction.msg, /home/laboratorio/ros_workspace/devel/share/proyecto_final/msg/CubosAction.msg)
Linked: (/home/laboratorio/ros_workspace/devel/.private/proyecto_final/share/proyecto_final/msg/CubosActionResult.msg, /home/laboratorio/ros_workspace/devel/share/proyecto_final/msg/CubosActionResult.msg)
Linked: (/home/laboratorio/ros_workspace/devel/.private/proyecto_final/share/proyecto_final/msg/FigurasResult.msg, /home/laboratorio/ros_workspace/devel/share/proyecto_final/msg/FigurasResult.msg)
Linked: (/home/laboratorio/ros_workspace/devel/.private/proyecto_final/share/proyecto_final/msg/HandFeedback.msg, /home/laboratorio/ros_workspace/devel/share/proyecto_final/msg/HandFeedback.msg)
Linked: (/home/laboratorio/ros_workspace/devel/.private/proyecto_final/share/proyecto_final/msg/HandActionGoal.msg, /home/laboratorio/ros_workspace/devel/share/proyecto_final/msg/HandActionGoal.msg)
Linked: (/home/laboratorio/ros_workspace/devel/.private/proyecto_final/share/proyecto_final/msg/HandGoal.msg, /home/laboratorio/ros_workspace/devel/share/proyecto_final/msg/HandGoal.msg)
Linked: (/home/laboratorio/ros_workspace/devel/.private/proyecto_final/share/proyecto_final/msg/FigurasActionFeedback.msg, /home/laboratorio/ros_workspace/devel/share/proyecto_final/msg/FigurasActionFeedback.msg)
Linked: (/home/laboratorio/ros_workspace/devel/.private/proyecto_final/share/proyecto_final/msg/CubosGoal.msg, /home/laboratorio/ros_workspace/devel/share/proyecto_final/msg/CubosGoal.msg)
Linked: (/home/laboratorio/ros_workspace/devel/.private/proyecto_final/share/proyecto_final/msg/HandActionResult.msg, /home/laboratorio/ros_workspace/devel/share/proyecto_final/msg/HandActionResult.msg)
Linked: (/home/laboratorio/ros_workspace/devel/.private/proyecto_final/share/proyecto_final/msg/HandActionFeedback.msg, /home/laboratorio/ros_workspace/devel/share/proyecto_final/msg/HandActionFeedback.msg)
Linked: (/home/laboratorio/ros_workspace/devel/.private/proyecto_final/share/proyecto_final/msg/HandResult.msg, /home/laboratorio/ros_workspace/devel/share/proyecto_final/msg/HandResult.msg)
Linked: (/home/laboratorio/ros_workspace/devel/.private/proyecto_final/share/proyecto_final/msg/FigurasAction.msg, /home/laboratorio/ros_workspace/devel/share/proyecto_final/msg/FigurasAction.msg)
Linked: (/home/laboratorio/ros_workspace/devel/.private/proyecto_final/share/proyecto_final/msg/HandAction.msg, /home/laboratorio/ros_workspace/devel/share/proyecto_final/msg/HandAction.msg)
Linked: (/home/laboratorio/ros_workspace/devel/.private/proyecto_final/share/proyecto_final/msg/FigurasFeedback.msg, /home/laboratorio/ros_workspace/devel/share/proyecto_final/msg/FigurasFeedback.msg)
Linked: (/home/laboratorio/ros_workspace/devel/.private/proyecto_final/share/proyecto_final/msg/CubosFeedback.msg, /home/laboratorio/ros_workspace/devel/share/proyecto_final/msg/CubosFeedback.msg)
Linked: (/home/laboratorio/ros_workspace/devel/.private/proyecto_final/share/proyecto_final/msg/FigurasGoal.msg, /home/laboratorio/ros_workspace/devel/share/proyecto_final/msg/FigurasGoal.msg)
Linked: (/home/laboratorio/ros_workspace/devel/.private/proyecto_final/share/proyecto_final/cmake/proyecto_final-msg-extras.cmake, /home/laboratorio/ros_workspace/devel/share/proyecto_final/cmake/proyecto_final-msg-extras.cmake)
Linked: (/home/laboratorio/ros_workspace/devel/.private/proyecto_final/share/proyecto_final/cmake/proyecto_finalConfig.cmake, /home/laboratorio/ros_workspace/devel/share/proyecto_final/cmake/proyecto_finalConfig.cmake)
Linked: (/home/laboratorio/ros_workspace/devel/.private/proyecto_final/share/proyecto_final/cmake/proyecto_final-msg-paths.cmake, /home/laboratorio/ros_workspace/devel/share/proyecto_final/cmake/proyecto_final-msg-paths.cmake)
Linked: (/home/laboratorio/ros_workspace/devel/.private/proyecto_final/share/proyecto_final/cmake/proyecto_finalConfig-version.cmake, /home/laboratorio/ros_workspace/devel/share/proyecto_final/cmake/proyecto_finalConfig-version.cmake)
Linked: (/home/laboratorio/ros_workspace/devel/.private/proyecto_final/share/gennodejs/ros/proyecto_final/_index.js, /home/laboratorio/ros_workspace/devel/share/gennodejs/ros/proyecto_final/_index.js)
Linked: (/home/laboratorio/ros_workspace/devel/.private/proyecto_final/share/gennodejs/ros/proyecto_final/msg/FigurasAction.js, /home/laboratorio/ros_workspace/devel/share/gennodejs/ros/proyecto_final/msg/FigurasAction.js)
Linked: (/home/laboratorio/ros_workspace/devel/.private/proyecto_final/share/gennodejs/ros/proyecto_final/msg/HandGoal.js, /home/laboratorio/ros_workspace/devel/share/gennodejs/ros/proyecto_final/msg/HandGoal.js)
Linked: (/home/laboratorio/ros_workspace/devel/.private/proyecto_final/share/gennodejs/ros/proyecto_final/msg/FigurasGoal.js, /home/laboratorio/ros_workspace/devel/share/gennodejs/ros/proyecto_final/msg/FigurasGoal.js)
Linked: (/home/laboratorio/ros_workspace/devel/.private/proyecto_final/share/gennodejs/ros/proyecto_final/msg/FigurasActionGoal.js, /home/laboratorio/ros_workspace/devel/share/gennodejs/ros/proyecto_final/msg/FigurasActionGoal.js)
Linked: (/home/laboratorio/ros_workspace/devel/.private/proyecto_final/share/gennodejs/ros/proyecto_final/msg/IdCubos.js, /home/laboratorio/ros_workspace/devel/share/gennodejs/ros/proyecto_final/msg/IdCubos.js)
Linked: (/home/laboratorio/ros_workspace/devel/.private/proyecto_final/share/gennodejs/ros/proyecto_final/msg/CubosActionResult.js, /home/laboratorio/ros_workspace/devel/share/gennodejs/ros/proyecto_final/msg/CubosActionResult.js)
Linked: (/home/laboratorio/ros_workspace/devel/.private/proyecto_final/share/gennodejs/ros/proyecto_final/msg/HandActionFeedback.js, /home/laboratorio/ros_workspace/devel/share/gennodejs/ros/proyecto_final/msg/HandActionFeedback.js)
Linked: (/home/laboratorio/ros_workspace/devel/.private/proyecto_final/share/gennodejs/ros/proyecto_final/msg/CubosGoal.js, /home/laboratorio/ros_workspace/devel/share/gennodejs/ros/proyecto_final/msg/CubosGoal.js)
Linked: (/home/laboratorio/ros_workspace/devel/.private/proyecto_final/share/gennodejs/ros/proyecto_final/msg/FigurasResult.js, /home/laboratorio/ros_workspace/devel/share/gennodejs/ros/proyecto_final/msg/FigurasResult.js)
Linked: (/home/laboratorio/ros_workspace/devel/.private/proyecto_final/share/gennodejs/ros/proyecto_final/msg/CubosResult.js, /home/laboratorio/ros_workspace/devel/share/gennodejs/ros/proyecto_final/msg/CubosResult.js)
Linked: (/home/laboratorio/ros_workspace/devel/.private/proyecto_final/share/gennodejs/ros/proyecto_final/msg/_index.js, /home/laboratorio/ros_workspace/devel/share/gennodejs/ros/proyecto_final/msg/_index.js)
Linked: (/home/laboratorio/ros_workspace/devel/.private/proyecto_final/share/gennodejs/ros/proyecto_final/msg/CubosFeedback.js, /home/laboratorio/ros_workspace/devel/share/gennodejs/ros/proyecto_final/msg/CubosFeedback.js)
Linked: (/home/laboratorio/ros_workspace/devel/.private/proyecto_final/share/gennodejs/ros/proyecto_final/msg/CubosAction.js, /home/laboratorio/ros_workspace/devel/share/gennodejs/ros/proyecto_final/msg/CubosAction.js)
Linked: (/home/laboratorio/ros_workspace/devel/.private/proyecto_final/share/gennodejs/ros/proyecto_final/msg/HandFeedback.js, /home/laboratorio/ros_workspace/devel/share/gennodejs/ros/proyecto_final/msg/HandFeedback.js)
Linked: (/home/laboratorio/ros_workspace/devel/.private/proyecto_final/share/gennodejs/ros/proyecto_final/msg/HandResult.js, /home/laboratorio/ros_workspace/devel/share/gennodejs/ros/proyecto_final/msg/HandResult.js)
Linked: (/home/laboratorio/ros_workspace/devel/.private/proyecto_final/share/gennodejs/ros/proyecto_final/msg/HandActionResult.js, /home/laboratorio/ros_workspace/devel/share/gennodejs/ros/proyecto_final/msg/HandActionResult.js)
Linked: (/home/laboratorio/ros_workspace/devel/.private/proyecto_final/share/gennodejs/ros/proyecto_final/msg/HandAction.js, /home/laboratorio/ros_workspace/devel/share/gennodejs/ros/proyecto_final/msg/HandAction.js)
Linked: (/home/laboratorio/ros_workspace/devel/.private/proyecto_final/share/gennodejs/ros/proyecto_final/msg/CubosActionGoal.js, /home/laboratorio/ros_workspace/devel/share/gennodejs/ros/proyecto_final/msg/CubosActionGoal.js)
Linked: (/home/laboratorio/ros_workspace/devel/.private/proyecto_final/share/gennodejs/ros/proyecto_final/msg/FigurasActionFeedback.js, /home/laboratorio/ros_workspace/devel/share/gennodejs/ros/proyecto_final/msg/FigurasActionFeedback.js)
Linked: (/home/laboratorio/ros_workspace/devel/.private/proyecto_final/share/gennodejs/ros/proyecto_final/msg/HandActionGoal.js, /home/laboratorio/ros_workspace/devel/share/gennodejs/ros/proyecto_final/msg/HandActionGoal.js)
Linked: (/home/laboratorio/ros_workspace/devel/.private/proyecto_final/share/gennodejs/ros/proyecto_final/msg/FigurasActionResult.js, /home/laboratorio/ros_workspace/devel/share/gennodejs/ros/proyecto_final/msg/FigurasActionResult.js)
Linked: (/home/laboratorio/ros_workspace/devel/.private/proyecto_final/share/gennodejs/ros/proyecto_final/msg/HandData.js, /home/laboratorio/ros_workspace/devel/share/gennodejs/ros/proyecto_final/msg/HandData.js)
Linked: (/home/laboratorio/ros_workspace/devel/.private/proyecto_final/share/gennodejs/ros/proyecto_final/msg/CubosActionFeedback.js, /home/laboratorio/ros_workspace/devel/share/gennodejs/ros/proyecto_final/msg/CubosActionFeedback.js)
Linked: (/home/laboratorio/ros_workspace/devel/.private/proyecto_final/share/gennodejs/ros/proyecto_final/msg/FigurasFeedback.js, /home/laboratorio/ros_workspace/devel/share/gennodejs/ros/proyecto_final/msg/FigurasFeedback.js)
Linked: (/home/laboratorio/ros_workspace/devel/.private/proyecto_final/share/roseus/ros/proyecto_final/manifest.l, /home/laboratorio/ros_workspace/devel/share/roseus/ros/proyecto_final/manifest.l)
Linked: (/home/laboratorio/ros_workspace/devel/.private/proyecto_final/share/roseus/ros/proyecto_final/msg/FigurasActionFeedback.l, /home/laboratorio/ros_workspace/devel/share/roseus/ros/proyecto_final/msg/FigurasActionFeedback.l)
Linked: (/home/laboratorio/ros_workspace/devel/.private/proyecto_final/share/roseus/ros/proyecto_final/msg/CubosActionGoal.l, /home/laboratorio/ros_workspace/devel/share/roseus/ros/proyecto_final/msg/CubosActionGoal.l)
Linked: (/home/laboratorio/ros_workspace/devel/.private/proyecto_final/share/roseus/ros/proyecto_final/msg/HandAction.l, /home/laboratorio/ros_workspace/devel/share/roseus/ros/proyecto_final/msg/HandAction.l)
Linked: (/home/laboratorio/ros_workspace/devel/.private/proyecto_final/share/roseus/ros/proyecto_final/msg/HandActionResult.l, /home/laboratorio/ros_workspace/devel/share/roseus/ros/proyecto_final/msg/HandActionResult.l)
Linked: (/home/laboratorio/ros_workspace/devel/.private/proyecto_final/share/roseus/ros/proyecto_final/msg/FigurasFeedback.l, /home/laboratorio/ros_workspace/devel/share/roseus/ros/proyecto_final/msg/FigurasFeedback.l)
Linked: (/home/laboratorio/ros_workspace/devel/.private/proyecto_final/share/roseus/ros/proyecto_final/msg/FigurasActionResult.l, /home/laboratorio/ros_workspace/devel/share/roseus/ros/proyecto_final/msg/FigurasActionResult.l)
Linked: (/home/laboratorio/ros_workspace/devel/.private/proyecto_final/share/roseus/ros/proyecto_final/msg/FigurasResult.l, /home/laboratorio/ros_workspace/devel/share/roseus/ros/proyecto_final/msg/FigurasResult.l)
Linked: (/home/laboratorio/ros_workspace/devel/.private/proyecto_final/share/roseus/ros/proyecto_final/msg/FigurasAction.l, /home/laboratorio/ros_workspace/devel/share/roseus/ros/proyecto_final/msg/FigurasAction.l)
Linked: (/home/laboratorio/ros_workspace/devel/.private/proyecto_final/share/roseus/ros/proyecto_final/msg/CubosActionResult.l, /home/laboratorio/ros_workspace/devel/share/roseus/ros/proyecto_final/msg/CubosActionResult.l)
Linked: (/home/laboratorio/ros_workspace/devel/.private/proyecto_final/share/roseus/ros/proyecto_final/msg/HandGoal.l, /home/laboratorio/ros_workspace/devel/share/roseus/ros/proyecto_final/msg/HandGoal.l)
Linked: (/home/laboratorio/ros_workspace/devel/.private/proyecto_final/share/roseus/ros/proyecto_final/msg/HandData.l, /home/laboratorio/ros_workspace/devel/share/roseus/ros/proyecto_final/msg/HandData.l)
Linked: (/home/laboratorio/ros_workspace/devel/.private/proyecto_final/share/roseus/ros/proyecto_final/msg/CubosResult.l, /home/laboratorio/ros_workspace/devel/share/roseus/ros/proyecto_final/msg/CubosResult.l)
Linked: (/home/laboratorio/ros_workspace/devel/.private/proyecto_final/share/roseus/ros/proyecto_final/msg/HandActionFeedback.l, /home/laboratorio/ros_workspace/devel/share/roseus/ros/proyecto_final/msg/HandActionFeedback.l)
Linked: (/home/laboratorio/ros_workspace/devel/.private/proyecto_final/share/roseus/ros/proyecto_final/msg/HandFeedback.l, /home/laboratorio/ros_workspace/devel/share/roseus/ros/proyecto_final/msg/HandFeedback.l)
Linked: (/home/laboratorio/ros_workspace/devel/.private/proyecto_final/share/roseus/ros/proyecto_final/msg/FigurasActionGoal.l, /home/laboratorio/ros_workspace/devel/share/roseus/ros/proyecto_final/msg/FigurasActionGoal.l)
Linked: (/home/laboratorio/ros_workspace/devel/.private/proyecto_final/share/roseus/ros/proyecto_final/msg/HandActionGoal.l, /home/laboratorio/ros_workspace/devel/share/roseus/ros/proyecto_final/msg/HandActionGoal.l)
Linked: (/home/laboratorio/ros_workspace/devel/.private/proyecto_final/share/roseus/ros/proyecto_final/msg/CubosFeedback.l, /home/laboratorio/ros_workspace/devel/share/roseus/ros/proyecto_final/msg/CubosFeedback.l)
Linked: (/home/laboratorio/ros_workspace/devel/.private/proyecto_final/share/roseus/ros/proyecto_final/msg/HandResult.l, /home/laboratorio/ros_workspace/devel/share/roseus/ros/proyecto_final/msg/HandResult.l)
Linked: (/home/laboratorio/ros_workspace/devel/.private/proyecto_final/share/roseus/ros/proyecto_final/msg/CubosGoal.l, /home/laboratorio/ros_workspace/devel/share/roseus/ros/proyecto_final/msg/CubosGoal.l)
Linked: (/home/laboratorio/ros_workspace/devel/.private/proyecto_final/share/roseus/ros/proyecto_final/msg/CubosActionFeedback.l, /home/laboratorio/ros_workspace/devel/share/roseus/ros/proyecto_final/msg/CubosActionFeedback.l)
Linked: (/home/laboratorio/ros_workspace/devel/.private/proyecto_final/share/roseus/ros/proyecto_final/msg/IdCubos.l, /home/laboratorio/ros_workspace/devel/share/roseus/ros/proyecto_final/msg/IdCubos.l)
Linked: (/home/laboratorio/ros_workspace/devel/.private/proyecto_final/share/roseus/ros/proyecto_final/msg/FigurasGoal.l, /home/laboratorio/ros_workspace/devel/share/roseus/ros/proyecto_final/msg/FigurasGoal.l)
Linked: (/home/laboratorio/ros_workspace/devel/.private/proyecto_final/share/roseus/ros/proyecto_final/msg/CubosAction.l, /home/laboratorio/ros_workspace/devel/share/roseus/ros/proyecto_final/msg/CubosAction.l)
