[  0%] Built target std_msgs_generate_messages_lisp
[  0%] Built target _proyecto_final_generate_messages_check_deps_RLFeedback
[  0%] Built target _proyecto_final_generate_messages_check_deps_RLGoal
[  0%] Built target _proyecto_final_generate_messages_check_deps_RLActionFeedback
[  0%] Built target _proyecto_final_generate_messages_check_deps_HandResult
[  0%] Built target _proyecto_final_generate_messages_check_deps_CubosAction
[  0%] Built target _proyecto_final_generate_messages_check_deps_RLActionGoal
[  0%] Built target _proyecto_final_generate_messages_check_deps_HandAction
[  0%] Built target _proyecto_final_generate_messages_check_deps_RLActionResult
[  0%] Built target _proyecto_final_generate_messages_check_deps_RLAction
[  0%] Built target _proyecto_final_generate_messages_check_deps_FigurasGoal
[  0%] Built target _proyecto_final_generate_messages_check_deps_HandFeedback
[  0%] Built target geometry_msgs_generate_messages_lisp
[  0%] Built target _proyecto_final_generate_messages_check_deps_RLResult
[  0%] Built target _proyecto_final_generate_messages_check_deps_IdCubos
[  0%] Built target _proyecto_final_generate_messages_check_deps_CubosActionFeedback
[  0%] Built target actionlib_msgs_generate_messages_lisp
[  0%] Built target _proyecto_final_generate_messages_check_deps_CubosFeedback
[  0%] Built target _proyecto_final_generate_messages_check_deps_FigurasAction
[  0%] Built target _proyecto_final_generate_messages_check_deps_HandActionGoal
[  0%] Built target _proyecto_final_generate_messages_check_deps_HandData
[  0%] Built target _proyecto_final_generate_messages_check_deps_CubosActionGoal
[  0%] Built target _proyecto_final_generate_messages_check_deps_CubosGoal
[  0%] Built target _proyecto_final_generate_messages_check_deps_HandActionFeedback
[  0%] Built target _proyecto_final_generate_messages_check_deps_CubosResult
[  0%] Built target _proyecto_final_generate_messages_check_deps_HandGoal
[  0%] Built target geometry_msgs_generate_messages_nodejs
[  0%] Built target _proyecto_final_generate_messages_check_deps_FigurasActionGoal
[  0%] Built target _proyecto_final_generate_messages_check_deps_HandActionResult
[  0%] Built target actionlib_msgs_generate_messages_nodejs
[  0%] Built target _proyecto_final_generate_messages_check_deps_CubosActionResult
[  0%] Built target std_msgs_generate_messages_nodejs
[  0%] Built target geometry_msgs_generate_messages_cpp
[  0%] Built target _proyecto_final_generate_messages_check_deps_FigurasActionResult
[  0%] Built target _proyecto_final_generate_messages_check_deps_FigurasFeedback
[  0%] Built target std_msgs_generate_messages_cpp
[  0%] Built target actionlib_msgs_generate_messages_cpp
[  0%] Built target _proyecto_final_generate_messages_check_deps_FigurasResult
[  0%] Built target actionlib_msgs_generate_messages_py
[  0%] Built target std_msgs_generate_messages_py
[  0%] Built target _proyecto_final_generate_messages_check_deps_FigurasActionFeedback
[  0%] Built target geometry_msgs_generate_messages_py
[  0%] Built target actionlib_msgs_generate_messages_eus
[  0%] Built target geometry_msgs_generate_messages_eus
[  0%] Built target std_msgs_generate_messages_eus
[  1%] [34m[1mGenerating Javascript code from proyecto_final/FigurasActionGoal.msg[0m
[  1%] [34m[1mGenerating Javascript code from proyecto_final/FigurasAction.msg[0m
[  2%] [34m[1mGenerating C++ code from proyecto_final/FigurasAction.msg[0m
[  2%] [34m[1mGenerating C++ code from proyecto_final/FigurasActionGoal.msg[0m
[  3%] [34m[1mGenerating Javascript code from proyecto_final/FigurasActionResult.msg[0m
[  4%] [34m[1mGenerating Lisp code from proyecto_final/FigurasAction.msg[0m
[  5%] [34m[1mGenerating Python from MSG proyecto_final/FigurasAction[0m
[  5%] [34m[1mGenerating Lisp code from proyecto_final/FigurasActionGoal.msg[0m
[  5%] [34m[1mGenerating Lisp code from proyecto_final/FigurasActionResult.msg[0m
[  6%] [34m[1mGenerating Python from MSG proyecto_final/FigurasActionGoal[0m
[  7%] [34m[1mGenerating Lisp code from proyecto_final/FigurasActionFeedback.msg[0m
[  8%] [34m[1mGenerating Javascript code from proyecto_final/FigurasActionFeedback.msg[0m
[  9%] [34m[1mGenerating EusLisp code from proyecto_final/FigurasAction.msg[0m
[ 10%] [34m[1mGenerating Python from MSG proyecto_final/FigurasActionResult[0m
[ 10%] [34m[1mGenerating Javascript code from proyecto_final/FigurasGoal.msg[0m
[ 11%] [34m[1mGenerating EusLisp code from proyecto_final/FigurasActionResult.msg[0m
[ 11%] [34m[1mGenerating Lisp code from proyecto_final/FigurasGoal.msg[0m
[ 12%] [34m[1mGenerating Javascript code from proyecto_final/FigurasResult.msg[0m
[ 12%] [34m[1mGenerating EusLisp code from proyecto_final/FigurasActionGoal.msg[0m
[ 13%] [34m[1mGenerating Lisp code from proyecto_final/FigurasResult.msg[0m
[ 13%] [34m[1mGenerating Javascript code from proyecto_final/FigurasFeedback.msg[0m
[ 14%] [34m[1mGenerating Lisp code from proyecto_final/FigurasFeedback.msg[0m
[ 14%] [34m[1mGenerating Python from MSG proyecto_final/FigurasActionFeedback[0m
[ 14%] [34m[1mGenerating EusLisp code from proyecto_final/FigurasActionFeedback.msg[0m
[ 15%] [34m[1mGenerating EusLisp code from proyecto_final/FigurasGoal.msg[0m
[ 16%] [34m[1mGenerating EusLisp code from proyecto_final/FigurasResult.msg[0m
[ 17%] [34m[1mGenerating C++ code from proyecto_final/FigurasActionResult.msg[0m
[ 18%] [34m[1mGenerating C++ code from proyecto_final/FigurasActionFeedback.msg[0m
[ 18%] [34m[1mGenerating EusLisp code from proyecto_final/FigurasFeedback.msg[0m
[ 18%] [34m[1mGenerating C++ code from proyecto_final/FigurasGoal.msg[0m
[ 20%] [34m[1mGenerating Python from MSG proyecto_final/FigurasGoal[0m
[ 20%] [34m[1mGenerating Python from MSG proyecto_final/FigurasFeedback[0m
[ 35%] Built target proyecto_final_generate_messages_nodejs
[ 49%] Built target proyecto_final_generate_messages_lisp
[ 50%] [34m[1mGenerating Python from MSG proyecto_final/FigurasResult[0m
[ 51%] [34m[1mGenerating C++ code from proyecto_final/FigurasFeedback.msg[0m
[ 52%] [34m[1mGenerating C++ code from proyecto_final/FigurasResult.msg[0m
[ 69%] Built target proyecto_final_generate_messages_eus
[ 70%] [34m[1mGenerating Python msg __init__.py for proyecto_final[0m
[ 84%] Built target proyecto_final_generate_messages_cpp
[100%] Built target proyecto_final_generate_messages_py
[100%] Built target proyecto_final_generate_messages
