[35m[1mScanning dependencies of target _proyecto_final_generate_messages_check_deps_RLFeedback[0m
[35m[1mScanning dependencies of target _proyecto_final_generate_messages_check_deps_RLResult[0m
[  0%] Built target _proyecto_final_generate_messages_check_deps_HandAction
[  0%] Built target _proyecto_final_generate_messages_check_deps_RLResult
[  0%] Built target _proyecto_final_generate_messages_check_deps_RLFeedback
[35m[1mScanning dependencies of target _proyecto_final_generate_messages_check_deps_RLGoal[0m
[35m[1mScanning dependencies of target _proyecto_final_generate_messages_check_deps_RLActionFeedback[0m
[35m[1mScanning dependencies of target _proyecto_final_generate_messages_check_deps_RLActionGoal[0m
[  0%] Built target _proyecto_final_generate_messages_check_deps_RLGoal
[  0%] Built target _proyecto_final_generate_messages_check_deps_RLActionFeedback
[35m[1mScanning dependencies of target _proyecto_final_generate_messages_check_deps_RLAction[0m
[  0%] Built target _proyecto_final_generate_messages_check_deps_RLActionGoal
[  0%] Built target _proyecto_final_generate_messages_check_deps_RLAction
[  0%] Built target _proyecto_final_generate_messages_check_deps_CubosActionFeedback
[35m[1mScanning dependencies of target _proyecto_final_generate_messages_check_deps_RLActionResult[0m
[  0%] Built target std_msgs_generate_messages_lisp
[  0%] Built target _proyecto_final_generate_messages_check_deps_RLActionResult
[  0%] Built target _proyecto_final_generate_messages_check_deps_CubosAction
[  0%] Built target _proyecto_final_generate_messages_check_deps_HandFeedback
[  0%] Built target _proyecto_final_generate_messages_check_deps_HandResult
[  0%] Built target _proyecto_final_generate_messages_check_deps_FigurasGoal
[  0%] Built target _proyecto_final_generate_messages_check_deps_IdCubos
[  0%] Built target geometry_msgs_generate_messages_lisp
[  0%] Built target _proyecto_final_generate_messages_check_deps_FigurasAction
[  0%] Built target _proyecto_final_generate_messages_check_deps_CubosFeedback
[  0%] Built target _proyecto_final_generate_messages_check_deps_HandGoal
[  0%] Built target _proyecto_final_generate_messages_check_deps_HandData
[  0%] Built target _proyecto_final_generate_messages_check_deps_HandActionGoal
[  0%] Built target actionlib_msgs_generate_messages_lisp
[  0%] Built target _proyecto_final_generate_messages_check_deps_CubosActionGoal
[  0%] Built target _proyecto_final_generate_messages_check_deps_CubosActionResult
[  0%] Built target _proyecto_final_generate_messages_check_deps_HandActionFeedback
[  0%] Built target _proyecto_final_generate_messages_check_deps_CubosGoal
[  0%] Built target _proyecto_final_generate_messages_check_deps_CubosResult
[  0%] Built target _proyecto_final_generate_messages_check_deps_FigurasActionGoal
[  0%] Built target _proyecto_final_generate_messages_check_deps_HandActionResult
[  0%] Built target _proyecto_final_generate_messages_check_deps_FigurasActionResult
[  0%] Built target _proyecto_final_generate_messages_check_deps_FigurasActionFeedback
[  0%] Built target _proyecto_final_generate_messages_check_deps_FigurasResult
[  0%] Built target _proyecto_final_generate_messages_check_deps_FigurasFeedback
[  0%] Built target geometry_msgs_generate_messages_nodejs
[  0%] Built target actionlib_msgs_generate_messages_nodejs
[  0%] Built target std_msgs_generate_messages_nodejs
[  0%] Built target geometry_msgs_generate_messages_cpp
[  0%] Built target std_msgs_generate_messages_cpp
[  0%] Built target actionlib_msgs_generate_messages_cpp
[  0%] Built target actionlib_msgs_generate_messages_py
[  0%] Built target std_msgs_generate_messages_py
[  0%] Built target geometry_msgs_generate_messages_py
[  0%] Built target actionlib_msgs_generate_messages_eus
[  0%] Built target geometry_msgs_generate_messages_eus
[  0%] Built target std_msgs_generate_messages_eus
[  1%] [34m[1mGenerating Lisp code from proyecto_final/RLAction.msg[0m
[  2%] [34m[1mGenerating C++ code from proyecto_final/RLAction.msg[0m
[  2%] [34m[1mGenerating Javascript code from proyecto_final/RLAction.msg[0m
[  3%] [34m[1mGenerating Lisp code from proyecto_final/RLActionGoal.msg[0m
[  3%] [34m[1mGenerating Javascript code from proyecto_final/RLActionGoal.msg[0m
[  3%] [34m[1mGenerating C++ code from proyecto_final/RLActionGoal.msg[0m
[  4%] [34m[1mGenerating Javascript code from proyecto_final/RLActionResult.msg[0m
[  5%] [34m[1mGenerating Lisp code from proyecto_final/RLActionResult.msg[0m
[  6%] [34m[1mGenerating C++ code from proyecto_final/RLActionResult.msg[0m
[  6%] [34m[1mGenerating Javascript code from proyecto_final/RLActionFeedback.msg[0m
[  7%] [34m[1mGenerating Lisp code from proyecto_final/RLActionFeedback.msg[0m
[  8%] [34m[1mGenerating Javascript code from proyecto_final/RLGoal.msg[0m
[  8%] [34m[1mGenerating Lisp code from proyecto_final/RLGoal.msg[0m
[  8%] [34m[1mGenerating C++ code from proyecto_final/RLActionFeedback.msg[0m
[  9%] [34m[1mGenerating Javascript code from proyecto_final/RLResult.msg[0m
[ 10%] [34m[1mGenerating Lisp code from proyecto_final/RLResult.msg[0m
[ 10%] [34m[1mGenerating Javascript code from proyecto_final/RLFeedback.msg[0m
[ 11%] [34m[1mGenerating C++ code from proyecto_final/RLGoal.msg[0m
[ 11%] [34m[1mGenerating Lisp code from proyecto_final/RLFeedback.msg[0m
[ 27%] Built target proyecto_final_generate_messages_nodejs
[ 42%] Built target proyecto_final_generate_messages_lisp
[ 43%] [34m[1mGenerating C++ code from proyecto_final/RLResult.msg[0m
[ 43%] [34m[1mGenerating C++ code from proyecto_final/RLFeedback.msg[0m
[ 43%] [34m[1mGenerating Python from MSG proyecto_final/RLAction[0m
[ 44%] [34m[1mGenerating Python from MSG proyecto_final/RLActionGoal[0m
[ 58%] Built target proyecto_final_generate_messages_cpp
[ 58%] [34m[1mGenerating EusLisp code from proyecto_final/RLAction.msg[0m
[ 58%] [34m[1mGenerating Python from MSG proyecto_final/RLActionResult[0m
[ 60%] [34m[1mGenerating EusLisp code from proyecto_final/RLActionGoal.msg[0m
[ 61%] [34m[1mGenerating EusLisp code from proyecto_final/RLActionResult.msg[0m
[ 61%] [34m[1mGenerating EusLisp code from proyecto_final/RLActionFeedback.msg[0m
[ 62%] [34m[1mGenerating Python from MSG proyecto_final/RLActionFeedback[0m
[ 63%] [34m[1mGenerating Python from MSG proyecto_final/RLGoal[0m
[ 64%] [34m[1mGenerating EusLisp code from proyecto_final/RLGoal.msg[0m
[ 64%] [34m[1mGenerating EusLisp code from proyecto_final/RLResult.msg[0m
[ 64%] [34m[1mGenerating Python from MSG proyecto_final/RLResult[0m
[ 65%] [34m[1mGenerating EusLisp code from proyecto_final/RLFeedback.msg[0m
[ 68%] [34m[1mGenerating Python from MSG proyecto_final/RLFeedback[0m
[ 83%] Built target proyecto_final_generate_messages_eus
[ 84%] [34m[1mGenerating Python msg __init__.py for proyecto_final[0m
[100%] Built target proyecto_final_generate_messages_py
[100%] Built target proyecto_final_generate_messages
