[  0%] Built target _proyecto_final_generate_messages_check_deps_HandAction
[35m[1mScanning dependencies of target _proyecto_final_generate_messages_check_deps_RLFeedback[0m
[  0%] Built target _proyecto_final_generate_messages_check_deps_RLFeedback
[35m[1mScanning dependencies of target _proyecto_final_generate_messages_check_deps_RLResult[0m
[  0%] Built target _proyecto_final_generate_messages_check_deps_RLResult
[35m[1mScanning dependencies of target _proyecto_final_generate_messages_check_deps_RLGoal[0m
[  0%] Built target _proyecto_final_generate_messages_check_deps_RLGoal
[35m[1mScanning dependencies of target _proyecto_final_generate_messages_check_deps_RLActionFeedback[0m
[  0%] Built target _proyecto_final_generate_messages_check_deps_RLActionFeedback
[35m[1mScanning dependencies of target _proyecto_final_generate_messages_check_deps_RLActionGoal[0m
[  0%] Built target _proyecto_final_generate_messages_check_deps_RLActionGoal
[35m[1mScanning dependencies of target _proyecto_final_generate_messages_check_deps_RLAction[0m
[  0%] Built target _proyecto_final_generate_messages_check_deps_RLAction
[  0%] Built target _proyecto_final_generate_messages_check_deps_CubosActionFeedback
[35m[1mScanning dependencies of target _proyecto_final_generate_messages_check_deps_RLActionResult[0m
[  0%] Built target _proyecto_final_generate_messages_check_deps_RLActionResult
[  0%] Built target _proyecto_final_generate_messages_check_deps_CubosAction
[  0%] Built target std_msgs_generate_messages_lisp
[  0%] Built target _proyecto_final_generate_messages_check_deps_HandFeedback
[  0%] Built target _proyecto_final_generate_messages_check_deps_HandResult
[  0%] Built target _proyecto_final_generate_messages_check_deps_FigurasGoal
[  0%] Built target _proyecto_final_generate_messages_check_deps_IdCubos
[  0%] Built target geometry_msgs_generate_messages_lisp
[  0%] Built target _proyecto_final_generate_messages_check_deps_FigurasAction
[  0%] Built target _proyecto_final_generate_messages_check_deps_CubosFeedback
[  0%] Built target _proyecto_final_generate_messages_check_deps_HandGoal
[  0%] Built target _proyecto_final_generate_messages_check_deps_HandData
[  0%] Built target _proyecto_final_generate_messages_check_deps_HandActionGoal
[  0%] Built target actionlib_msgs_generate_messages_lisp
[  0%] Built target _proyecto_final_generate_messages_check_deps_CubosActionGoal
[  0%] Built target _proyecto_final_generate_messages_check_deps_CubosActionResult
[  0%] Built target _proyecto_final_generate_messages_check_deps_HandActionFeedback
[  0%] Built target _proyecto_final_generate_messages_check_deps_CubosGoal
[  0%] Built target _proyecto_final_generate_messages_check_deps_CubosResult
[  0%] Built target _proyecto_final_generate_messages_check_deps_HandActionResult
[  0%] Built target _proyecto_final_generate_messages_check_deps_FigurasActionGoal
[  0%] Built target _proyecto_final_generate_messages_check_deps_FigurasActionFeedback
[  0%] Built target _proyecto_final_generate_messages_check_deps_FigurasActionResult
[  0%] Built target _proyecto_final_generate_messages_check_deps_FigurasFeedback
[  0%] Built target _proyecto_final_generate_messages_check_deps_FigurasResult
[  0%] Built target geometry_msgs_generate_messages_nodejs
[  0%] Built target actionlib_msgs_generate_messages_nodejs
[  0%] Built target std_msgs_generate_messages_nodejs
[  0%] Built target geometry_msgs_generate_messages_cpp
[  0%] Built target actionlib_msgs_generate_messages_cpp
[  0%] Built target actionlib_msgs_generate_messages_py
[  0%] Built target std_msgs_generate_messages_cpp
[  0%] Built target geometry_msgs_generate_messages_py
[  0%] Built target std_msgs_generate_messages_py
[  0%] Built target geometry_msgs_generate_messages_eus
[  0%] Built target actionlib_msgs_generate_messages_eus
[  0%] Built target std_msgs_generate_messages_eus
[  0%] [34m[1mGenerating Lisp code from proyecto_final/IdCubos.msg[0m
[  1%] [34m[1mGenerating Javascript code from proyecto_final/IdCubos.msg[0m
[  2%] [34m[1mGenerating Lisp code from proyecto_final/HandData.msg[0m
[  3%] [34m[1mGenerating Javascript code from proyecto_final/HandData.msg[0m
[  3%] [34m[1mGenerating Lisp code from proyecto_final/CubosActionGoal.msg[0m
[  4%] [34m[1mGenerating Lisp code from proyecto_final/CubosAction.msg[0m
[  4%] [34m[1mGenerating Javascript code from proyecto_final/CubosAction.msg[0m
[  5%] [34m[1mGenerating Lisp code from proyecto_final/CubosActionResult.msg[0m
[  5%] [34m[1mGenerating C++ code from proyecto_final/IdCubos.msg[0m
[  6%] [34m[1mGenerating Lisp code from proyecto_final/CubosActionFeedback.msg[0m
[  6%] [34m[1mGenerating Javascript code from proyecto_final/CubosActionGoal.msg[0m
[  7%] [34m[1mGenerating Javascript code from proyecto_final/CubosActionResult.msg[0m
[  9%] [34m[1mGenerating C++ code from proyecto_final/HandData.msg[0m
[  9%] [34m[1mGenerating Lisp code from proyecto_final/CubosGoal.msg[0m
[  9%] [34m[1mGenerating Javascript code from proyecto_final/CubosActionFeedback.msg[0m
[ 10%] [34m[1mGenerating C++ code from proyecto_final/CubosAction.msg[0m
[ 10%] [34m[1mGenerating Javascript code from proyecto_final/CubosGoal.msg[0m
[ 11%] [34m[1mGenerating Lisp code from proyecto_final/CubosResult.msg[0m
[ 11%] [34m[1mGenerating Javascript code from proyecto_final/CubosResult.msg[0m
[ 12%] [34m[1mGenerating C++ code from proyecto_final/CubosActionGoal.msg[0m
[ 12%] [34m[1mGenerating Lisp code from proyecto_final/CubosFeedback.msg[0m
[ 13%] [34m[1mGenerating Javascript code from proyecto_final/CubosFeedback.msg[0m
[ 14%] [34m[1mGenerating Javascript code from proyecto_final/FigurasAction.msg[0m
[ 15%] [34m[1mGenerating C++ code from proyecto_final/CubosActionResult.msg[0m
[ 15%] [34m[1mGenerating C++ code from proyecto_final/CubosActionFeedback.msg[0m
[ 16%] [34m[1mGenerating Lisp code from proyecto_final/FigurasAction.msg[0m
[ 16%] [34m[1mGenerating Javascript code from proyecto_final/FigurasActionGoal.msg[0m
[ 17%] [34m[1mGenerating Javascript code from proyecto_final/FigurasActionResult.msg[0m
[ 18%] [34m[1mGenerating Lisp code from proyecto_final/FigurasActionGoal.msg[0m
[ 20%] [34m[1mGenerating Javascript code from proyecto_final/FigurasActionFeedback.msg[0m
[ 21%] [34m[1mGenerating C++ code from proyecto_final/CubosGoal.msg[0m
[ 21%] [34m[1mGenerating Lisp code from proyecto_final/FigurasActionResult.msg[0m
[ 22%] [34m[1mGenerating Javascript code from proyecto_final/FigurasGoal.msg[0m
[ 22%] [34m[1mGenerating C++ code from proyecto_final/CubosResult.msg[0m
[ 23%] [34m[1mGenerating Lisp code from proyecto_final/FigurasActionFeedback.msg[0m
[ 23%] [34m[1mGenerating Lisp code from proyecto_final/FigurasGoal.msg[0m
[ 24%] [34m[1mGenerating Javascript code from proyecto_final/FigurasResult.msg[0m
[ 25%] [34m[1mGenerating Lisp code from proyecto_final/FigurasResult.msg[0m
[ 25%] [34m[1mGenerating C++ code from proyecto_final/CubosFeedback.msg[0m
[ 25%] [34m[1mGenerating Javascript code from proyecto_final/FigurasFeedback.msg[0m
[ 26%] [34m[1mGenerating C++ code from proyecto_final/FigurasAction.msg[0m
[ 27%] [34m[1mGenerating Lisp code from proyecto_final/FigurasFeedback.msg[0m
[ 28%] [34m[1mGenerating Javascript code from proyecto_final/HandAction.msg[0m
[ 28%] [34m[1mGenerating Lisp code from proyecto_final/HandAction.msg[0m
[ 29%] [34m[1mGenerating Javascript code from proyecto_final/HandActionGoal.msg[0m
[ 30%] [34m[1mGenerating C++ code from proyecto_final/FigurasActionGoal.msg[0m
[ 30%] [34m[1mGenerating Lisp code from proyecto_final/HandActionGoal.msg[0m
[ 30%] [34m[1mGenerating Javascript code from proyecto_final/HandActionResult.msg[0m
[ 31%] [34m[1mGenerating Javascript code from proyecto_final/HandActionFeedback.msg[0m
[ 32%] [34m[1mGenerating Lisp code from proyecto_final/HandActionResult.msg[0m
[ 33%] [34m[1mGenerating C++ code from proyecto_final/FigurasActionResult.msg[0m
[ 34%] [34m[1mGenerating Javascript code from proyecto_final/HandGoal.msg[0m
[ 34%] [34m[1mGenerating Lisp code from proyecto_final/HandActionFeedback.msg[0m
[ 34%] [34m[1mGenerating Javascript code from proyecto_final/HandResult.msg[0m
[ 36%] [34m[1mGenerating C++ code from proyecto_final/FigurasActionFeedback.msg[0m
[ 36%] [34m[1mGenerating Lisp code from proyecto_final/HandGoal.msg[0m
[ 37%] [34m[1mGenerating Python from MSG proyecto_final/IdCubos[0m
[ 38%] [34m[1mGenerating Javascript code from proyecto_final/HandFeedback.msg[0m
[ 38%] [34m[1mGenerating Lisp code from proyecto_final/HandResult.msg[0m
[ 38%] [34m[1mGenerating Javascript code from proyecto_final/RLAction.msg[0m
[ 38%] [34m[1mGenerating C++ code from proyecto_final/FigurasGoal.msg[0m
[ 40%] [34m[1mGenerating Lisp code from proyecto_final/HandFeedback.msg[0m
[ 41%] [34m[1mGenerating Javascript code from proyecto_final/RLActionGoal.msg[0m
[ 42%] [34m[1mGenerating Lisp code from proyecto_final/RLAction.msg[0m
[ 43%] [34m[1mGenerating Javascript code from proyecto_final/RLActionResult.msg[0m
[ 44%] [34m[1mGenerating C++ code from proyecto_final/FigurasResult.msg[0m
[ 44%] [34m[1mGenerating Javascript code from proyecto_final/RLActionFeedback.msg[0m
[ 44%] [34m[1mGenerating Lisp code from proyecto_final/RLActionGoal.msg[0m
[ 45%] [34m[1mGenerating C++ code from proyecto_final/FigurasFeedback.msg[0m
[ 45%] [34m[1mGenerating Python from MSG proyecto_final/HandData[0m
[ 46%] [34m[1mGenerating Javascript code from proyecto_final/RLGoal.msg[0m
[ 47%] [34m[1mGenerating Lisp code from proyecto_final/RLActionResult.msg[0m
[ 48%] [34m[1mGenerating Lisp code from proyecto_final/RLActionFeedback.msg[0m
[ 49%] [34m[1mGenerating Javascript code from proyecto_final/RLResult.msg[0m
[ 50%] [34m[1mGenerating Python from MSG proyecto_final/CubosAction[0m
[ 50%] [34m[1mGenerating Lisp code from proyecto_final/RLGoal.msg[0m
[ 50%] [34m[1mGenerating C++ code from proyecto_final/HandAction.msg[0m
[ 50%] [34m[1mGenerating Javascript code from proyecto_final/RLFeedback.msg[0m
[ 51%] [34m[1mGenerating Lisp code from proyecto_final/RLResult.msg[0m
[ 52%] [34m[1mGenerating C++ code from proyecto_final/HandActionGoal.msg[0m
[ 52%] Built target proyecto_final_generate_messages_nodejs
[ 53%] [34m[1mGenerating Python from MSG proyecto_final/CubosActionGoal[0m
[ 53%] [34m[1mGenerating Lisp code from proyecto_final/RLFeedback.msg[0m
[ 53%] [34m[1mGenerating Python from MSG proyecto_final/CubosActionResult[0m
[ 53%] [34m[1mGenerating C++ code from proyecto_final/HandActionResult.msg[0m
[ 53%] Built target proyecto_final_generate_messages_lisp
[ 54%] [34m[1mGenerating C++ code from proyecto_final/HandActionFeedback.msg[0m
[ 55%] [34m[1mGenerating Python from MSG proyecto_final/CubosActionFeedback[0m
[ 56%] [34m[1mGenerating Python from MSG proyecto_final/CubosGoal[0m
[ 57%] [34m[1mGenerating EusLisp code from proyecto_final/IdCubos.msg[0m
[ 58%] [34m[1mGenerating C++ code from proyecto_final/HandGoal.msg[0m
[ 58%] [34m[1mGenerating Python from MSG proyecto_final/CubosResult[0m
[ 58%] [34m[1mGenerating C++ code from proyecto_final/HandResult.msg[0m
[ 60%] [34m[1mGenerating EusLisp code from proyecto_final/HandData.msg[0m
[ 60%] [34m[1mGenerating EusLisp code from proyecto_final/CubosAction.msg[0m
[ 61%] [34m[1mGenerating Python from MSG proyecto_final/CubosFeedback[0m
[ 62%] [34m[1mGenerating C++ code from proyecto_final/HandFeedback.msg[0m
[ 63%] [34m[1mGenerating C++ code from proyecto_final/RLAction.msg[0m
[ 64%] [34m[1mGenerating EusLisp code from proyecto_final/CubosActionGoal.msg[0m
[ 64%] [34m[1mGenerating Python from MSG proyecto_final/FigurasAction[0m
[ 65%] [34m[1mGenerating Python from MSG proyecto_final/FigurasActionGoal[0m
[ 65%] [34m[1mGenerating C++ code from proyecto_final/RLActionGoal.msg[0m
[ 65%] [34m[1mGenerating EusLisp code from proyecto_final/CubosActionResult.msg[0m
[ 66%] [34m[1mGenerating C++ code from proyecto_final/RLActionResult.msg[0m
[ 67%] [34m[1mGenerating Python from MSG proyecto_final/FigurasActionResult[0m
[ 68%] [34m[1mGenerating EusLisp code from proyecto_final/CubosActionFeedback.msg[0m
[ 69%] [34m[1mGenerating EusLisp code from proyecto_final/CubosGoal.msg[0m
[ 69%] [34m[1mGenerating EusLisp code from proyecto_final/CubosResult.msg[0m
[ 70%] [34m[1mGenerating EusLisp code from proyecto_final/CubosFeedback.msg[0m
[ 70%] [34m[1mGenerating C++ code from proyecto_final/RLActionFeedback.msg[0m
[ 70%] [34m[1mGenerating Python from MSG proyecto_final/FigurasActionFeedback[0m
[ 71%] [34m[1mGenerating Python from MSG proyecto_final/FigurasGoal[0m
[ 72%] [34m[1mGenerating EusLisp code from proyecto_final/FigurasAction.msg[0m
[ 73%] [34m[1mGenerating C++ code from proyecto_final/RLGoal.msg[0m
[ 73%] [34m[1mGenerating EusLisp code from proyecto_final/FigurasActionGoal.msg[0m
[ 74%] [34m[1mGenerating EusLisp code from proyecto_final/FigurasActionResult.msg[0m
[ 75%] [34m[1mGenerating Python from MSG proyecto_final/FigurasResult[0m
[ 76%] [34m[1mGenerating C++ code from proyecto_final/RLResult.msg[0m
[ 76%] [34m[1mGenerating EusLisp code from proyecto_final/FigurasActionFeedback.msg[0m
[ 76%] [34m[1mGenerating Python from MSG proyecto_final/FigurasFeedback[0m
[ 77%] [34m[1mGenerating EusLisp code from proyecto_final/FigurasGoal.msg[0m
[ 77%] [34m[1mGenerating C++ code from proyecto_final/RLFeedback.msg[0m
[ 78%] [34m[1mGenerating Python from MSG proyecto_final/HandAction[0m
[ 80%] [34m[1mGenerating EusLisp code from proyecto_final/FigurasResult.msg[0m
[ 80%] Built target proyecto_final_generate_messages_cpp
[ 80%] [34m[1mGenerating EusLisp code from proyecto_final/FigurasFeedback.msg[0m
[ 81%] [34m[1mGenerating EusLisp code from proyecto_final/HandAction.msg[0m
[ 82%] [34m[1mGenerating EusLisp code from proyecto_final/HandActionGoal.msg[0m
[ 82%] [34m[1mGenerating EusLisp code from proyecto_final/HandActionResult.msg[0m
[ 83%] [34m[1mGenerating EusLisp code from proyecto_final/HandActionFeedback.msg[0m
[ 83%] [34m[1mGenerating Python from MSG proyecto_final/HandActionGoal[0m
[ 83%] [34m[1mGenerating EusLisp code from proyecto_final/HandGoal.msg[0m
[ 84%] [34m[1mGenerating Python from MSG proyecto_final/HandActionResult[0m
[ 85%] [34m[1mGenerating EusLisp code from proyecto_final/HandResult.msg[0m
[ 87%] [34m[1mGenerating EusLisp code from proyecto_final/HandFeedback.msg[0m
[ 87%] [34m[1mGenerating Python from MSG proyecto_final/HandActionFeedback[0m
[ 87%] [34m[1mGenerating EusLisp code from proyecto_final/RLAction.msg[0m
[ 88%] [34m[1mGenerating EusLisp code from proyecto_final/RLActionGoal.msg[0m
[ 89%] [34m[1mGenerating EusLisp code from proyecto_final/RLActionResult.msg[0m
[ 89%] [34m[1mGenerating EusLisp code from proyecto_final/RLActionFeedback.msg[0m
[ 89%] [34m[1mGenerating Python from MSG proyecto_final/HandGoal[0m
[ 90%] [34m[1mGenerating Python from MSG proyecto_final/HandResult[0m
[ 91%] [34m[1mGenerating Python from MSG proyecto_final/HandFeedback[0m
[ 92%] [34m[1mGenerating EusLisp code from proyecto_final/RLGoal.msg[0m
[ 92%] [34m[1mGenerating EusLisp code from proyecto_final/RLResult.msg[0m
[ 93%] [34m[1mGenerating EusLisp code from proyecto_final/RLFeedback.msg[0m
[ 93%] [34m[1mGenerating Python from MSG proyecto_final/RLAction[0m
[ 94%] [34m[1mGenerating Python from MSG proyecto_final/RLActionGoal[0m
[ 94%] [34m[1mGenerating Python from MSG proyecto_final/RLActionResult[0m
[ 95%] Built target proyecto_final_generate_messages_eus
[ 96%] [34m[1mGenerating Python from MSG proyecto_final/RLActionFeedback[0m
[ 97%] [34m[1mGenerating Python from MSG proyecto_final/RLGoal[0m
[ 97%] [34m[1mGenerating Python from MSG proyecto_final/RLResult[0m
[ 98%] [34m[1mGenerating Python from MSG proyecto_final/RLFeedback[0m
[100%] [34m[1mGenerating Python msg __init__.py for proyecto_final[0m
[100%] Built target proyecto_final_generate_messages_py
[100%] Built target proyecto_final_generate_messages
